SPI is initialized now.

== DEV STATUS: 20 ==

Package signature is set!

== DEV STATUS: 20 ==

REGS  00 01 02 03 04 05 06 07 08 09 0A 0B 0C 0D 0E 0F

(00): 08 06 20 20 00 00 03 01 00 7f 06 00 00 00 00 00

(10): 00 00 20 00 03 00 01 00 00 01 14 00 02 3c 02 03

(20): 68 01 3a 93 04 ee 00 1e 00 00 ff 00 18 bc 26 08

(30): ad 00 0c 22 08 3a 2d d4 00 00 de ad 00 00 00 de

(40): ad 00 00 ff ff ff ff 00 00 00 00 ff 08 08 08 10

(50): 00 00 df 52 20 64 00 01 87 00 01 00 0e 00 00 00

(60): a0 00 24 00 00 82 42 1f 03 60 9d 00 01 1f 09 d5

(70): 0c 23 1f 00 00 53 00 00 19 00 64 03 37 04 37 40

== DEV STATUS: 21 ==

Loading dev DEV_0, 33 bytes
Type: TH
TH device: 0;Dormitor;23.;15.;27.;0;1;1;1;
TH device ID:0 NAME: Dormitor
Add watcher ID:1
Added device.
Loading dev DEV_1, 26 bytes
Type:HEATER
HEATER device ID:1 NAME: Heater
Add watcher ID:0
Added device.
System start.

Reset:
REASON_DEFAULT_RST

Chip id=10502778


Flash id=1261768


Mem info:


data  : 0x3ffe8000 ~ 0x3ffe8429, len: 1065

rodata: 0x3ffe8430 ~ 0x3ffef31c, len: 28396

bss   : 0x3ffef320 ~ 0x3fff5f68, len: 27720

heap  : 0x3fff5f68 ~ 0x3fffc000, len: 24728

Station configuration was updated to: TP-LINK_B4EB92

mode : sta(18:fe:34:a0:42:7a)

netif: IP address of interface ew set to 0.0.0.0

netif: netmask of interface ew set to 0.0.0.0

netif: GW address of interface ew set to 0.0.0.0

igmp_start: starting IGMP processing on if 0x3fff71c0

igmp_lookup_group: allocated a new group with address 224.0.0.1 on if 0x3fff71c0

netif: added interface ew IP addr 0.0.0.0 netmask 0.0.0.0 gw 0.0.0.0

add if0

netif: setting default interface ew

f r0, tcp_slowtmr: no active pcbs

scandone

state: 0 -> 2 (b0)

state: 2 -> 3 (0)

state: 3 -> 5 (10)

add 0

aid 3

cnt



connected with TP-LINK_B4EB92, channel 6

dhcp client start...

dhcp_start(netif=0x3fff71c0) ew0

dhcp_start(): starting new DHCP client

dhcp_start(): allocated dhcpdhcp_start(): starting DHCP configuration

dhcp_discover()

transaction id xid(abcd0001)

dhcp_discover: making request

dhcp_discover: realloc()ing

dhcp_discover: sendto(DISCOVER, IP_ADDR_BROADCAST, DHCP_SERVER_PORT)

etharp_send_ip: sending packet 0x3fff7590

dhcp_discover: deleting()ing

dhcp_discover: SELECTING

dhcp_discover(): set request timeout 2000 msecs

ethernet_input: dest:ff:ff:ff:ff:ff:ff, src:e8:de:27:b4:eb:92, type:806

update_arp_entry: 192.168.0.1 - e8:de:27:b4:eb:92

find_entry: found empty entry 0

find_entry: no empty entry found and not allowed to recycle

etharp_arp_input: incoming ARP request

etharp_arp_input: we are unconfigured, ARP request ignored.

ethernet_input: dest:18:fe:34:a0:42:7a, src:e8:de:27:b4:eb:92, type:800

etharp_ip_input: updating ETHARP table.

update_arp_entry: 192.168.0.1 - e8:de:27:b4:eb:92

find_entry: found empty entry 0

find_entry: no empty entry found and not allowed to recycle

dhcp_recv(pbuf = 0x3fff7288) from DHCP server 192.168.0.1 port 67

pbuf->len = 548

pbuf->tot_len = 548

searching DHCP_OPTION_MESSAGE_TYPE

DHCP_OFFER received in DHCP_SELECTING state

dhcp_handle_offer(netif=0x3fff71c0) ew0

dhcp_handle_offer(): server 0x0100a8c0

dhcp_handle_offer(): offer for 0x6500a8c0

dhcp_select(netif=0x3fff71c0) ew0

transaction id xid(abcd0001)

etharp_send_ip: sending packet 0x3fff7590

dhcp_select: REQUESTING

dhcp_select(): set request timeout 2000 msecs

ethernet_input: dest:18:fe:34:a0:42:7a, src:e8:de:27:b4:eb:92, type:800

etharp_ip_input: updating ETHARP table.

update_arp_entry: 192.168.0.1 - e8:de:27:b4:eb:92

find_entry: found empty entry 0

find_entry: no empty entry found and not allowed to recycle

dhcp_recv(pbuf = 0x3fff7288) from DHCP server 192.168.0.1 port 67

pbuf->len = 548

pbuf->tot_len = 548

searching DHCP_OPTION_MESSAGE_TYPE

DHCP_ACK received

dhcp_check(netif=0x3fff71c0) ew

find_entry: found empty entry 0

find_entry: selecting empty entry 0

etharp_request: sending ARP request.

etharp_raw: sending raw ARP packet.

dhcp_check(): set request timeout 500 msecs

Dormitor H:33.50(0.0) T:22.30(0.0 0.0)/24.8 SetPt:23.00 Time:28078
rtc time init...

***ABORT***

 ets Jan  8 2013,rst cause:1, boot mode:(1,7)





 ets Jan  8 2013,rst cause:4, boot mode:(1,7)



wdt reset

UUUUUAUUUUUrll¦¦|¦l¦|
¦
l¦
b|¦¦¦¦r¦bl
b¦¦nn¦lnn¦¦¦
bp¦lrlrlp¦n¦
¦
l
b
n¦|¦¦
¦¦¦b¦¦nn¦l¦¦l`¦nn
¦lnr¦¦¦n
¦l`p¦n¦
r¦¦¦¦¦
b
n¦|l
¦¦
b¦¦nn¦
¦l`¦nn
l`nr¦¦¦n
bl¦lp¦n¦
r¦¦¦¦¦
¦¦
b
n¦|¦
¦l¦¦b¦¦nn¦
l`¦nnl¦l`nr¦¦¦n
ll`r¦¦n
ll`¦¦l
n¦¦¦nn¦blrl¦¦l
n¦¦¦|¦n¦¦p`¦rrnblrlb¦n¦nn¦b
lnn¦n¦pn~b¦n¦lrl+TCP connection

timeout updating: 70 -> 65535

Server timeout updating: 40 -> 90

SDCard OK: TYPE 12


UUUUrll¦¦|¦l¦|
¦
l¦
b|¦¦¦¦r¦bl
b¦¦nn¦lnn¦¦¦
bp¦lrlrlp¦n¦
¦
l
b
n¦|¦¦
¦¦¦b¦¦nn¦l¦¦l`UUUUUUUUAUQ`Urll¦¦|¦l¦|
¦
l¦
b|¦¦¦¦r¦bl
b¦¦nn¦lnn¦¦¦
bp¦lrlrlp¦n¦
¦
l
b
n¦|¦¦
¦¦¦b¦¦nn¦l¦¦l`¦nn
¦lnr¦¦¦n
¦l`p¦n¦
r¦¦¦¦¦
b
n¦|l
¦¦
b¦¦nn¦
¦l`¦nn
l`nr¦¦¦n
bl¦lp¦n¦
r¦¦¦¦¦
¦¦
b
n¦|¦
¦l¦¦b¦¦nn¦
l`¦nnl¦l`nr¦¦¦n
ll`r¦¦n
ll`¦¦l
n¦¦¦nn¦blrl¦¦l
n¦¦¦|¦n¦¦p`¦rrnblrlb¦n¦nn¦b
lnn¦n¦pn~b¦n¦lrl+TCP connection

timeout updating: 70 -> 65535

Server timeout updating: 40 -> 90

SDCard OK: TYPE 12


libDHT: Detected DHT-22 compatible sensor.

DEV 4 is DIS

SPI is initialized now.

== DEV STATUS: 20 ==

Package signature is set!

== DEV STATUS: 20 ==

REGS  00 01 02 03 04 05 06 07 08 09 0A 0B 0C 0D 0E 0F

(00): 08 06 20 20 00 00 03 01 00 7f 06 00 00 00 00 00

(10): 00 00 20 00 03 00 01 00 00 01 14 00 02 3c 02 03

(20): 68 01 3a 93 04 ee 00 1e 00 00 ff 00 18 bc 26 08

(30): ad 00 0c 22 08 3a 2d d4 00 00 de ad 00 00 00 de

(40): ad 00 00 ff ff ff ff 00 00 00 00 ff 08 08 08 10

(50): 00 00 df 52 20 64 00 01 87 00 01 00 0e 00 00 00

(60): a0 00 24 00 00 82 42 1f 03 60 9d 00 01 1f 09 d5

(70): 0c 23 1f 00 00 53 00 00 19 00 64 03 37 04 37 40

== DEV STATUS: 21 ==

Loading dev DEV_0, 33 bytes
Type: TH
TH device: 0;Dormitor;23.;15.;27.;0;1;1;1;
TH device ID:0 NAME: Dormitor
Add watcher ID:1
Added device.
Loading dev DEV_1, 26 bytes
Type:HEATER
HEATER device ID:1 NAME: Heater
Add watcher ID:0
Added device.
System start.

Reset:
REASON_DEFAULT_RST

Chip id=10502778


Flash id=1261768


Mem info:


data  : 0x3ffe8000 ~ 0x3ffe8429, len: 1065

rodata: 0x3ffe8430 ~ 0x3ffef31c, len: 28396

bss   : 0x3ffef320 ~ 0x3fff5f68, len: 27720

heap  : 0x3fff5f68 ~ 0x3fffc000, len: 24728

Station configuration was updated to: TP-LINK_B4EB92

mode : sta(18:fe:34:a0:42:7a)

netif: IP address of interface ew set to 0.0.0.0

netif: netmask of interface ew set to 0.0.0.0

netif: GW address of interface ew set to 0.0.0.0

igmp_start: starting IGMP processing on if 0x3fff71c0

igmp_lookup_group: allocated a new group with address 224.0.0.1 on if 0x3fff71c0

netif: added interface ew IP addr 0.0.0.0 netmask 0.0.0.0 gw 0.0.0.0

add if0

netif: setting default interface ew

f r0, tcp_slowtmr: no active pcbs

scandone

state: 0 -> 2 (b0)

state: 2 -> 3 (0)

state: 3 -> 5 (10)

add 0

aid 3

cnt



connected with TP-LINK_B4EB92, channel 6

dhcp client start...

dhcp_start(netif=0x3fff71c0) ew0

dhcp_start(): starting new DHCP client

dhcp_start(): allocated dhcpdhcp_start(): starting DHCP configuration

dhcp_discover()

transaction id xid(abcd0001)

dhcp_discover: making request

dhcp_discover: realloc()ing

dhcp_discover: sendto(DISCOVER, IP_ADDR_BROADCAST, DHCP_SERVER_PORT)

etharp_send_ip: sending packet 0x3fff7590

dhcp_discover: deleting()ing

dhcp_discover: SELECTING

dhcp_discover(): set request timeout 2000 msecs

Dormitor H:32.90(0.0) T:24.20(0.0 0.0)/25.2 SetPt:23.00 Time:4635
rtc time init...

***ABORT***

 ets Jan  8 2013,rst cause:1, boot mode:(3,7)



load 0x40100000, len 23444, room 16

tail 4

chksum 0xf8

load 0x3ffe8000, len 1068, room 4

tail 8

chksum 0x25

load 0x3ffe8430, len 28396, room 0

tail 12

chksum 0x01

csum 0x01

¦¦l
n¦¦¦nn¦blrl¦¦l
n¦¦¦|¦n¦¦p`¦rrnblrlb¦n¦nn¦b
lnn¦n¦pn~b¦n¦lrl¦¦rl¦¦¦¦¦+TCP connection

timeout updating: 70 -> 65535

Server timeout updating: 40 -> 90

SDCard OK: TYPE 12


libDHT: Detected DHT-22 compatible sensor.

DEV 4 is DIS

SPI is initialized now.

== DEV STATUS: 20 ==

Package signature is set!

== DEV STATUS: 20 ==

REGS  00 01 02 03 04 05 06 07 08 09 0A 0B 0C 0D 0E 0F

(00): 08 06 20 20 00 00 03 01 00 7f 06 00 00 00 00 00

(10): 00 00 20 00 03 00 01 00 00 01 14 00 02 3c 02 03

(20): 68 01 3a 93 04 ee 00 1e 00 00 ff 00 18 bc 26 08

(30): ad 00 0c 22 08 3a 2d d4 00 00 de ad 00 00 00 de

(40): ad 00 00 ff ff ff ff 00 00 00 00 ff 08 08 08 10

(50): 00 00 df 52 20 64 00 01 87 00 01 00 0e 00 00 00

(60): a0 00 24 00 00 82 42 1f 03 60 9d 00 01 1f 09 d5

(70): 0c 23 1f 00 00 53 00 00 19 00 64 03 37 04 37 40

== DEV STATUS: 21 ==

Loading dev DEV_0, 33 bytes
Type: TH
TH device: 0;Dormitor;23.;15.;27.;0;1;1;1;
TH device ID:0 NAME: Dormitor
Add watcher ID:1
Added device.
Loading dev DEV_1, 26 bytes
Type:HEATER
HEATER device ID:1 NAME: Heater
Add watcher ID:0
Added device.
System start.

Reset:
REASON_SOFT_WDT_RST

Chip id=10502778


Flash id=1261768


Mem info:


data  : 0x3ffe8000 ~ 0x3ffe8429, len: 1065

rodata: 0x3ffe8430 ~ 0x3ffef31c, len: 28396

bss   : 0x3ffef320 ~ 0x3fff5f68, len: 27720

heap  : 0x3fff5f68 ~ 0x3fffc000, len: 24728

Station configuration was updated to: TP-LINK_B4EB92

mode : sta(18:fe:34:a0:42:7a)

netif: IP address of interface ew set to 0.0.0.0

netif: netmask of interface ew set to 0.0.0.0

netif: GW address of interface ew set to 0.0.0.0

igmp_start: starting IGMP processing on if 0x3fff71c0

igmp_lookup_group: allocated a new group with address 224.0.0.1 on if 0x3fff71c0

netif: added interface ew IP addr 0.0.0.0 netmask 0.0.0.0 gw 0.0.0.0

add if0

netif: setting default interface ew

f r-1, tcp_slowtmr: no active pcbs

scandone

state: 0 -> 2 (b0)

state: 2 -> 3 (0)

state: 3 -> 5 (10)

add 0

aid 3

cnt

chg_B2:0



connected with TP-LINK_B4EB92, channel 6

dhcp client start...

dhcp_start(netif=0x3fff71c0) ew0

dhcp_start(): starting new DHCP client

dhcp_start(): allocated dhcpdhcp_start(): starting DHCP configuration

dhcp_discover()

transaction id xid(abcd0001)

dhcp_discover: making request

dhcp_discover: realloc()ing

dhcp_discover: sendto(DISCOVER, IP_ADDR_BROADCAST, DHCP_SERVER_PORT)

etharp_send_ip: sending packet 0x3fff7590

dhcp_discover: deleting()ing

dhcp_discover: SELECTING

dhcp_discover(): set request timeout 2000 msecs

dhcp_fine_tmr(): request timeout

dhcp_timeout()

dhcp_timeout(): restarting discovery

dhcp_discover()

transaction id xid(abcd0001)

dhcp_discover: making request

dhcp_discover: realloc()ing

dhcp_discover: sendto(DISCOVER, IP_ADDR_BROADCAST, DHCP_SERVER_PORT)

etharp_send_ip: sending packet 0x3fff7590

dhcp_discover: deleting()ing

dhcp_discover: SELECTING

dhcp_discover(): set request timeout 4000 msecs

ethernet_input: dest:18:fe:34:a0:42:7a, src:e8:de:27:b4:eb:92, type:800

etharp_ip_input: updating ETHARP table.

update_arp_entry: 192.168.0.1 - e8:de:27:b4:eb:92

find_entry: found empty entry 0

find_entry: no empty entry found and not allowed to recycle

dhcp_recv(pbuf = 0x3fff7288) from DHCP server 192.168.0.1 port 67

pbuf->len = 548

pbuf->tot_len = 548

searching DHCP_OPTION_MESSAGE_TYPE

DHCP_OFFER received in DHCP_SELECTING state

dhcp_handle_offer(netif=0x3fff71c0) ew0

dhcp_handle_offer(): server 0x0100a8c0

dhcp_handle_offer(): offer for 0x6500a8c0

dhcp_select(netif=0x3fff71c0) ew0

transaction id xid(abcd0001)

etharp_send_ip: sending packet 0x3fff7590

dhcp_select: REQUESTING

dhcp_select(): set request timeout 2000 msecs

ethernet_input: dest:18:fe:34:a0:42:7a, src:e8:de:27:b4:eb:92, type:800

etharp_ip_input: updating ETHARP table.

update_arp_entry: 192.168.0.1 - e8:de:27:b4:eb:92

find_entry: found empty entry 0

find_entry: no empty entry found and not allowed to recycle

dhcp_recv(pbuf = 0x3fff7288) from DHCP server 192.168.0.1 port 67

pbuf->len = 548

pbuf->tot_len = 548

searching DHCP_OPTION_MESSAGE_TYPE

DHCP_ACK received

dhcp_check(netif=0x3fff71c0) ew

find_entry: found empty entry 0

find_entry: selecting empty entry 0

etharp_request: sending ARP request.

etharp_raw: sending raw ARP packet.

dhcp_check(): set request timeout 500 msecs

dhcp_fine_tmr(): request timeout

dhcp_timeout()

dhcp_timeout(): CHECKING, ARP request timed out

dhcp_check(netif=0x3fff71c0) ew

find_entry: found matching entry 0

etharp_request: sending ARP request.

etharp_raw: sending raw ARP packet.

dhcp_check(): set request timeout 500 msecs

dhcp_fine_tmr(): request timeout

dhcp_timeout()

dhcp_timeout(): CHECKING, ARP request timed out

dhcp_bind(netif=0x3fff71c0) ew0

dhcp_bind(): t1 renewal timer 3600 secs

dhcp_bind(): set request timeout 3600000 msecs

dhcp_bind(): t2 rebind timer 7200 secs

dhcp_bind(): set request timeout 7200000 msecs

dhcp_bind(): IP: 0x6500a8c0

netif_set_ipaddr: netif address being changed

netif: IP address of interface ew set to 192.168.0.101

dhcp_bind(): SN: 0x00ffffff

netif: netmask of interface ew set to 255.255.255.0

dhcp_bind(): GW: 0x0100a8c0

netif: GW address of interface ew set to 192.168.0.1

etharp_request: sending ARP request.

etharp_raw: sending raw ARP packet.

igmp_report_groups: sending IGMP reports on if 0x3fff71c0

ip:192.168.0.101,mask:255.255.255.0,gw:192.168.0.1

igmp_timeout: report membership for group with address 224.0.0.1 on if 0x3fff71c0

etharp_send_ip: sending packet 0x3fff72f8

AP CONNECT
tcp_bind: bind to port 80

'/' registered

HTTP server STARTED 192.168.0.101
find_entry: found empty entry 1

find_entry: selecting empty entry 1

etharp_request: sending ARP request.

etharp_raw: sending raw ARP packet.

etharp_query: queued packet 0x3fff76d0 on ARP entry 1

find_entry: found matching entry 1

etharp_request: sending ARP request.

etharp_raw: sending raw ARP packet.

etharp_query: queued packet 0x3fff76d0 on ARP entry 1

NTP server STARTED
ethernet_input: dest:18:fe:34:a0:42:7a, src:e8:de:27:b4:eb:92, type:806

update_arp_entry: 192.168.0.1 - e8:de:27:b4:eb:92

find_entry: found matching entry 1

update_arp_entry: updating stable entry 1

etharp_send_ip: sending packet 0x3fff78c8

etharp_send_ip: sending packet 0x3fff79c0

etharp_arp_input: incoming ARP reply

dhcp_arp_reply()

ethernet_input: dest:18:fe:34:a0:42:7a, src:e8:de:27:b4:eb:92, type:806

update_arp_entry: 192.168.0.1 - e8:de:27:b4:eb:92

find_entry: found matching entry 1

update_arp_entry: updating stable entry 1

etharp_arp_input: incoming ARP reply

dhcp_arp_reply()

ethernet_input: dest:18:fe:34:a0:42:7a, src:e8:de:27:b4:eb:92, type:800

etharp_ip_input: updating ETHARP table.

update_arp_entry: 192.168.0.1 - e8:de:27:b4:eb:92

find_entry: found matching entry 1

update_arp_entry: updating stable entry 1

UDP LocalPort: 4097

UDP connect to 91.216.151.61:123

etharp_send_ip: sending packet 0x3fff7288

ethernet_input: dest:18:fe:34:a0:42:7a, src:e8:de:27:b4:eb:92, type:800

etharp_ip_input: updating ETHARP table.

update_arp_entry: 192.168.0.1 - e8:de:27:b4:eb:92

find_entry: found matching entry 1

update_arp_entry: updating stable entry 1

ethernet_input: dest:18:fe:34:a0:42:7a, src:e8:de:27:b4:eb:92, type:800

time updated? 1

etharp_send_ip: sending packet 0x3fff76d0

ethernet_input: dest:18:fe:34:a0:42:7a, src:e8:de:27:b4:eb:92, type:800

etharp_ip_input: updating ETHARP table.

update_arp_entry: 192.168.0.1 - e8:de:27:b4:eb:92

find_entry: found matching entry 1

update_arp_entry: updating stable entry 1

UDP connect to 89.36.93.9:123

etharp_send_ip: sending packet 0x3fff7288

ethernet_input: dest:18:fe:34:a0:42:7a, src:e8:de:27:b4:eb:92, type:800

time updated? 1

Dormitor H:33.30(0.0) T:24.10(0.0 0.0)/25.2 SetPt:23.00 Time:4566
***ABORT***

 ets Jan  8 2013,rst cause:1, boot mode:(3,7)



load 0x40100000, len 23444, room 16

tail 4

chksum 0xf8

load 0x3ffe8000, len 1068, room 4

tail 8

chksum 0x25

load 0x3ffe8430, len 28396, room 0

tail 12

chksum 0x01

csum 0x01

¦¦l
n¦¦¦nn¦blrl¦¦l
n¦¦¦|¦n¦¦p`¦rrnblrlb¦n¦nn¦b
lnn¦n¦pn~b¦n¦lrl¦¦rl¦¦¦¦¦+TCP connection

timeout updating: 70 -> 65535

Server timeout updating: 40 -> 90

SDCard OK: TYPE 12


libDHT: Detected DHT-22 compatible sensor.

DEV 4 is DIS

SPI is initialized now.

== DEV STATUS: 20 ==

Package signature is set!

== DEV STATUS: 20 ==

REGS  00 01 02 03 04 05 06 07 08 09 0A 0B 0C 0D 0E 0F

(00): 08 06 20 20 00 00 03 01 00 7f 06 00 00 00 00 00

(10): 00 00 20 00 03 00 01 00 00 01 14 00 02 3c 02 03

(20): 68 01 3a 93 04 ee 00 1e 00 00 ff 00 18 bc 26 08

(30): ad 00 0c 22 08 3a 2d d4 00 00 de ad 00 00 00 de

(40): ad 00 00 ff ff ff ff 00 00 00 00 ff 08 08 08 10

(50): 00 00 df 52 20 64 00 01 87 00 01 00 0e 00 00 00

(60): a0 00 24 00 00 82 42 1f 03 60 9d 00 01 1f 09 d5

(70): 0c 23 1f 00 00 53 00 00 19 00 64 03 37 04 37 40

== DEV STATUS: 21 ==

Loading dev DEV_0, 33 bytes
Type: TH
TH device: 0;Dormitor;23.;15.;27.;0;1;1;1;
TH device ID:0 NAME: Dormitor
Add watcher ID:1
Added device.
Loading dev DEV_1, 26 bytes
Type:HEATER
HEATER device ID:1 NAME: Heater
Add watcher ID:0
Added device.
System start.

Reset:
REASON_SOFT_WDT_RST

Chip id=10502778


Flash id=1261768


Mem info:


data  : 0x3ffe8000 ~ 0x3ffe8429, len: 1065

rodata: 0x3ffe8430 ~ 0x3ffef31c, len: 28396

bss   : 0x3ffef320 ~ 0x3fff5f68, len: 27720

heap  : 0x3fff5f68 ~ 0x3fffc000, len: 24728

Station configuration was updated to: TP-LINK_B4EB92

mode : sta(18:fe:34:a0:42:7a)

netif: IP address of interface ew set to 0.0.0.0

netif: netmask of interface ew set to 0.0.0.0

netif: GW address of interface ew set to 0.0.0.0

igmp_start: starting IGMP processing on if 0x3fff71c0

igmp_lookup_group: allocated a new group with address 224.0.0.1 on if 0x3fff71c0

netif: added interface ew IP addr 0.0.0.0 netmask 0.0.0.0 gw 0.0.0.0

add if0

netif: setting default interface ew

f r-1, tcp_slowtmr: no active pcbs
